#
# A fatal error has been detected by the Java Runtime Environment:
#
#  EXCEPTION_ACCESS_VIOLATION (0xc0000005) at pc=0x0000000068f29575, pid=41244, tid=0x0000000000001380
#
# JRE version: Java(TM) SE Runtime Environment (8.0_92-b14) (build 1.8.0_92-b14)
# Java VM: Java HotSpot(TM) 64-Bit Server VM (25.92-b14 mixed mode windows-amd64 compressed oops)
# Problematic frame:
# V  [jvm.dll+0x129575]
#
# Failed to write core dump. Minidumps are not enabled by default on client versions of Windows
#
# If you would like to submit a bug report, please visit:
#   http://bugreport.java.com/bugreport/crash.jsp
#

---------------  T H R E A D  ---------------

Current thread (0x0000000019f47000):  JavaThread "JDWP Transport Listener: dt_socket" daemon [_thread_in_vm, id=4992, stack(0x000000001aa50000,0x000000001ab50000)]

siginfo: ExceptionCode=0xc0000005, reading address 0xffffffffffffffff

Registers:
RAX=0x000000001ab4f601, RBX=0x0000000019f47000, RCX=0x746167617270652f, RDX=0x0000000000000000
RSP=0x000000001ab4f5d0, RBP=0x746167617270652f, RSI=0x000000001ab4f6e8, RDI=0x0000000002e9dd10
R8 =0x0000000019f47000, R9 =0x0000000000000001, R10=0x0000000000008000, R11=0x000000001ab4f520
R12=0x0000000000000000, R13=0x0000000019f47818, R14=0x0000000000000000, R15=0x0000000000000000
RIP=0x0000000068f29575, EFLAGS=0x0000000000010202

Top of Stack: (sp=0x000000001ab4f5d0)
0x000000001ab4f5d0:   0000000019f47000 0000000019f47000
0x000000001ab4f5e0:   000000001ab4f698 000000006912fbab
0x000000001ab4f5f0:   0000000019f47000 000000006914c40d
0x000000001ab4f600:   0000000000000000 0000000067e99155
0x000000001ab4f610:   000000001d118158 0000000067ea291e
0x000000001ab4f620:   0000000019f47000 0000000000000000
0x000000001ab4f630:   0000000000000000 0000000000000000
0x000000001ab4f640:   746167617270652f 0000000067ea1a15
0x000000001ab4f650:   000000001ab4f6e8 000000001ab4f6c0
0x000000001ab4f660:   0000000000000001 000000001d118158
0x000000001ab4f670:   746167617270652f 0000000067e853b3
0x000000001ab4f680:   000000001ab4f7b0 0000000000000001
0x000000001ab4f690:   0000000000000001 000000001d118158
0x000000001ab4f6a0:   0000000000000001 0000000000000000
0x000000001ab4f6b0:   0000000000000000 0000000000000000
0x000000001ab4f6c0:   0000000000000001 0000000067e85571 

Instructions: (pc=0x0000000068f29575)
0x0000000068f29555:   cc cc cc cc cc cc cc cc cc cc cc 48 83 ec 28 48
0x0000000068f29565:   85 c9 75 07 33 c0 48 83 c4 28 c3 48 89 5c 24 20
0x0000000068f29575:   48 8b 19 48 85 db 74 20 48 83 fb 37 74 1a 48 8b
0x0000000068f29585:   13 48 8b cb ff 52 10 84 c0 74 0d 48 8b c3 48 8b 


Register to memory mapping:

RAX=0x000000001ab4f601 is pointing into the stack for thread: 0x0000000019f47000
RBX=0x0000000019f47000 is a thread
RCX=0x746167617270652f is an unknown value
RDX=0x0000000000000000 is an unknown value
RSP=0x000000001ab4f5d0 is pointing into the stack for thread: 0x0000000019f47000
RBP=0x746167617270652f is an unknown value
RSI=0x000000001ab4f6e8 is pointing into the stack for thread: 0x0000000019f47000
RDI=0x0000000002e9dd10 is an unknown value
R8 =0x0000000019f47000 is a thread
R9 =0x0000000000000001 is an unknown value
R10=0x0000000000008000 is an unknown value
R11=0x000000001ab4f520 is pointing into the stack for thread: 0x0000000019f47000
R12=0x0000000000000000 is an unknown value
R13=0x0000000019f47818 is an unknown value
R14=0x0000000000000000 is an unknown value
R15=0x0000000000000000 is an unknown value


Stack: [0x000000001aa50000,0x000000001ab50000],  sp=0x000000001ab4f5d0,  free space=1021k
Native frames: (J=compiled Java code, j=interpreted, Vv=VM code, C=native code)
V  [jvm.dll+0x129575]
V  [jvm.dll+0x34c40d]
C  [jdwp.dll+0x21a15]
C  [jdwp.dll+0x53b3]
C  [jdwp.dll+0x5571]
C  [jdwp.dll+0xf0a8]
C  [jdwp.dll+0x1f2d5]
C  [jdwp.dll+0x1f4aa]
V  [jvm.dll+0x1bc3e8]
V  [jvm.dll+0x244314]
V  [jvm.dll+0x29b34a]
C  [msvcr100.dll+0x21d9f]
C  [msvcr100.dll+0x21e3b]
C  [KERNEL32.DLL+0x17bd4]
C  [ntdll.dll+0x6ce51]


---------------  P R O C E S S  ---------------

Java Threads: ( => current thread )
  0x000000001da55000 JavaThread "JMX server connection timeout 50" daemon [_thread_blocked, id=40612, stack(0x0000000020360000,0x0000000020460000)]
  0x000000001da4d800 JavaThread "RMI TCP Connection(idle)" daemon [_thread_blocked, id=34376, stack(0x0000000020260000,0x0000000020360000)]
  0x000000001da54800 JavaThread "DestroyJavaVM" [_thread_blocked, id=41416, stack(0x0000000002ea0000,0x0000000002fa0000)]
  0x000000001da53800 JavaThread "http-nio-8085-AsyncTimeout" daemon [_thread_blocked, id=34068, stack(0x0000000020160000,0x0000000020260000)]
  0x000000001da52000 JavaThread "http-nio-8085-Acceptor-0" daemon [_thread_in_native, id=41032, stack(0x0000000020060000,0x0000000020160000)]
  0x000000001da4b800 JavaThread "http-nio-8085-ClientPoller-1" daemon [_thread_in_native, id=29928, stack(0x000000001ff60000,0x0000000020060000)]
  0x000000001da47800 JavaThread "http-nio-8085-ClientPoller-0" daemon [_thread_in_native, id=41260, stack(0x000000001fe60000,0x000000001ff60000)]
  0x000000001da4a800 JavaThread "http-nio-8085-exec-10" daemon [_thread_blocked, id=24480, stack(0x000000001fd60000,0x000000001fe60000)]
  0x000000001da46000 JavaThread "http-nio-8085-exec-9" daemon [_thread_blocked, id=20024, stack(0x000000001fc60000,0x000000001fd60000)]
  0x000000001da47000 JavaThread "http-nio-8085-exec-8" daemon [_thread_blocked, id=39572, stack(0x000000001fb60000,0x000000001fc60000)]
  0x000000001da4d000 JavaThread "http-nio-8085-exec-7" daemon [_thread_blocked, id=25940, stack(0x000000001fa60000,0x000000001fb60000)]
  0x000000001da48800 JavaThread "http-nio-8085-exec-6" daemon [_thread_blocked, id=33408, stack(0x000000001f960000,0x000000001fa60000)]
  0x000000001da4a000 JavaThread "http-nio-8085-exec-5" daemon [_thread_blocked, id=38676, stack(0x000000001f860000,0x000000001f960000)]
  0x000000001da49000 JavaThread "http-nio-8085-exec-4" daemon [_thread_blocked, id=41944, stack(0x000000001f760000,0x000000001f860000)]
  0x000000001da4c000 JavaThread "http-nio-8085-exec-3" daemon [_thread_blocked, id=34864, stack(0x000000001f660000,0x000000001f760000)]
  0x000000001d4fd800 JavaThread "http-nio-8085-exec-2" daemon [_thread_blocked, id=34020, stack(0x000000001f560000,0x000000001f660000)]
  0x000000001d4fa800 JavaThread "http-nio-8085-exec-1" daemon [_thread_blocked, id=17096, stack(0x000000001f460000,0x000000001f560000)]
  0x000000001d4fd000 JavaThread "NioBlockingSelector.BlockPoller-1" daemon [_thread_in_native, id=36964, stack(0x000000001f360000,0x000000001f460000)]
  0x000000001d4fa000 JavaThread "pool-2-thread-1" daemon [_thread_blocked, id=41688, stack(0x000000001ed60000,0x000000001ee60000)]
  0x000000001d4f7800 JavaThread "cluster-ClusterId{value='5f0572c08f8c53a11c57a9ad', description='null'}-220.225.217.251:1611" daemon [_thread_blocked, id=39152, stack(0x000000001ec60000,0x000000001ed60000)]
  0x000000001d4f9000 JavaThread "container-0" [_thread_blocked, id=40760, stack(0x000000001e960000,0x000000001ea60000)]
  0x000000001d4fb800 JavaThread "ContainerBackgroundProcessor[StandardEngine[Tomcat]]" daemon [_thread_blocked, id=37380, stack(0x000000001e860000,0x000000001e960000)]
  0x000000001b63f800 JavaThread "JMX server connection timeout 23" daemon [_thread_blocked, id=36808, stack(0x000000001c790000,0x000000001c890000)]
  0x000000001b631000 JavaThread "JMX server connection timeout 22" daemon [_thread_blocked, id=41128, stack(0x000000001c690000,0x000000001c790000)]
  0x000000001b631800 JavaThread "RMI TCP Connection(idle)" daemon [_thread_blocked, id=32316, stack(0x000000001c590000,0x000000001c690000)]
  0x000000001b62a000 JavaThread "RMI Scheduler(0)" daemon [_thread_blocked, id=34092, stack(0x000000001c490000,0x000000001c590000)]
  0x000000001b56d000 JavaThread "RMI TCP Connection(idle)" daemon [_thread_blocked, id=33432, stack(0x000000001bf50000,0x000000001c050000)]
  0x000000001b3fd800 JavaThread "RMI TCP Accept-0" daemon [_thread_in_native, id=21672, stack(0x000000001bc50000,0x000000001bd50000)]
  0x000000001b3f3800 JavaThread "RMI TCP Accept-49758" daemon [_thread_in_native, id=8232, stack(0x000000001bb50000,0x000000001bc50000)]
  0x000000001b3e2800 JavaThread "RMI TCP Accept-0" daemon [_thread_in_native, id=23816, stack(0x000000001ba50000,0x000000001bb50000)]
  0x000000001a004800 JavaThread "Service Thread" daemon [_thread_blocked, id=27900, stack(0x000000001b150000,0x000000001b250000)]
  0x0000000019f74000 JavaThread "C1 CompilerThread3" daemon [_thread_blocked, id=3932, stack(0x000000001b050000,0x000000001b150000)]
  0x0000000019f72000 JavaThread "C2 CompilerThread2" daemon [_thread_blocked, id=41332, stack(0x000000001af50000,0x000000001b050000)]
  0x0000000019f70800 JavaThread "C2 CompilerThread1" daemon [_thread_blocked, id=39248, stack(0x000000001ae50000,0x000000001af50000)]
  0x0000000019f67800 JavaThread "C2 CompilerThread0" daemon [_thread_blocked, id=14764, stack(0x000000001ad50000,0x000000001ae50000)]
  0x0000000019f58800 JavaThread "JDWP Command Reader" daemon [_thread_in_native, id=35564, stack(0x000000001ac50000,0x000000001ad50000)]
  0x0000000019f57800 JavaThread "JDWP Event Helper Thread" daemon [_thread_blocked, id=24740, stack(0x000000001ab50000,0x000000001ac50000)]
=>0x0000000019f47000 JavaThread "JDWP Transport Listener: dt_socket" daemon [_thread_in_vm, id=4992, stack(0x000000001aa50000,0x000000001ab50000)]
  0x0000000019f3f000 JavaThread "Attach Listener" daemon [_thread_blocked, id=31000, stack(0x000000001a610000,0x000000001a710000)]
  0x0000000019f3c800 JavaThread "Signal Dispatcher" daemon [_thread_blocked, id=12732, stack(0x000000001a510000,0x000000001a610000)]
  0x000000000309d800 JavaThread "Finalizer" daemon [_thread_blocked, id=24776, stack(0x000000001a310000,0x000000001a410000)]
  0x000000001801d000 JavaThread "Reference Handler" daemon [_thread_blocked, id=33680, stack(0x0000000019e10000,0x0000000019f10000)]

Other Threads:
  0x0000000018018000 VMThread [stack: 0x0000000019d10000,0x0000000019e10000] [id=556]
  0x000000001b402000 WatcherThread [stack: 0x000000001bd50000,0x000000001be50000] [id=40388]

VM state:not at safepoint (normal execution)

VM Mutex/Monitor currently owned by a thread: None

Heap:
 PSYoungGen      total 180224K, used 42099K [0x00000000d5f00000, 0x00000000e4900000, 0x0000000100000000)
  eden space 163840K, 25% used [0x00000000d5f00000,0x00000000d881cf00,0x00000000dff00000)
  from space 16384K, 0% used [0x00000000dff00000,0x00000000dff00000,0x00000000e0f00000)
  to   space 15872K, 0% used [0x00000000e3980000,0x00000000e3980000,0x00000000e4900000)
 ParOldGen       total 93696K, used 19019K [0x0000000081c00000, 0x0000000087780000, 0x00000000d5f00000)
  object space 93696K, 20% used [0x0000000081c00000,0x0000000082e92f30,0x0000000087780000)
 Metaspace       used 36040K, capacity 36640K, committed 36952K, reserved 1081344K
  class space    used 4710K, capacity 4873K, committed 4992K, reserved 1048576K

Card table byte_map: [0x0000000012460000,0x0000000012860000] byte_map_base: 0x0000000012052000

Marking Bits: (ParMarkBitMap*) 0x00000000696164f0
 Begin Bits: [0x0000000013310000, 0x00000000152a0000)
 End Bits:   [0x00000000152a0000, 0x0000000017230000)

Polling page: 0x0000000002ca0000

CodeCache: size=245760Kb used=8171Kb max_used=8171Kb free=237588Kb
 bounds [0x00000000030a0000, 0x00000000038a0000, 0x00000000120a0000]
 total_blobs=4126 nmethods=3697 adapters=348
 compilation: enabled

Compilation events (10 events):
Event: 344.631 Thread 0x0000000019f74000 3721       1       java.util.concurrent.ThreadPoolExecutor::beforeExecute (1 bytes)
Event: 344.631 Thread 0x0000000019f74000 nmethod 3721 0x0000000003898c10 code [0x0000000003898d60, 0x0000000003898e70]
Event: 344.944 Thread 0x0000000019f74000 3722       1       org.bson.io.ByteBufferBsonInput::readString (91 bytes)
Event: 344.946 Thread 0x0000000019f74000 nmethod 3722 0x0000000003898ed0 code [0x00000000038991c0, 0x0000000003899c48]
Event: 344.946 Thread 0x0000000019f74000 3723       1       java.lang.String::<init> (10 bytes)
Event: 344.947 Thread 0x0000000019f74000 nmethod 3723 0x000000000389a790 code [0x000000000389a8e0, 0x000000000389aa48]
Event: 344.947 Thread 0x0000000019f74000 3724       1       java.lang.String::<init> (38 bytes)
Event: 344.947 Thread 0x0000000019f74000 nmethod 3724 0x000000000389ab10 code [0x000000000389aca0, 0x000000000389aee8]
Event: 344.947 Thread 0x0000000019f74000 3725   !   1       java.lang.StringCoding::decode (216 bytes)
Event: 344.950 Thread 0x0000000019f74000 nmethod 3725 0x000000000389b050 code [0x000000000389b2e0, 0x000000000389bfe8]

GC Heap History (10 events):
Event: 2.045 GC heap before
{Heap before GC invocations=7 (full 1):
 PSYoungGen      total 71680K, used 66560K [0x00000000d5f00000, 0x00000000df300000, 0x0000000100000000)
  eden space 66560K, 100% used [0x00000000d5f00000,0x00000000da000000,0x00000000da000000)
  from space 5120K, 0% used [0x00000000da000000,0x00000000da000000,0x00000000da500000)
  to   space 9216K, 0% used [0x00000000dea00000,0x00000000dea00000,0x00000000df300000)
 ParOldGen       total 56832K, used 7469K [0x0000000081c00000, 0x0000000085380000, 0x00000000d5f00000)
  object space 56832K, 13% used [0x0000000081c00000,0x000000008234b5f0,0x0000000085380000)
 Metaspace       used 25738K, capacity 26138K, committed 26240K, reserved 1073152K
  class space    used 3326K, capacity 3426K, committed 3456K, reserved 1048576K
Event: 2.051 GC heap after
Heap after GC invocations=7 (full 1):
 PSYoungGen      total 115712K, used 9188K [0x00000000d5f00000, 0x00000000df300000, 0x0000000100000000)
  eden space 106496K, 0% used [0x00000000d5f00000,0x00000000d5f00000,0x00000000dc700000)
  from space 9216K, 99% used [0x00000000dea00000,0x00000000df2f9390,0x00000000df300000)
  to   space 10240K, 0% used [0x00000000ddf00000,0x00000000ddf00000,0x00000000de900000)
 ParOldGen       total 56832K, used 8372K [0x0000000081c00000, 0x0000000085380000, 0x00000000d5f00000)
  object space 56832K, 14% used [0x0000000081c00000,0x000000008242d140,0x0000000085380000)
 Metaspace       used 25738K, capacity 26138K, committed 26240K, reserved 1073152K
  class space    used 3326K, capacity 3426K, committed 3456K, reserved 1048576K
}
Event: 2.917 GC heap before
{Heap before GC invocations=8 (full 1):
 PSYoungGen      total 115712K, used 115684K [0x00000000d5f00000, 0x00000000df300000, 0x0000000100000000)
  eden space 106496K, 100% used [0x00000000d5f00000,0x00000000dc700000,0x00000000dc700000)
  from space 9216K, 99% used [0x00000000dea00000,0x00000000df2f9390,0x00000000df300000)
  to   space 10240K, 0% used [0x00000000ddf00000,0x00000000ddf00000,0x00000000de900000)
 ParOldGen       total 56832K, used 8372K [0x0000000081c00000, 0x0000000085380000, 0x00000000d5f00000)
  object space 56832K, 14% used [0x0000000081c00000,0x000000008242d140,0x0000000085380000)
 Metaspace       used 31536K, capacity 31990K, committed 32256K, reserved 1077248K
  class space    used 4136K, capacity 4277K, committed 4352K, reserved 1048576K
Event: 2.926 GC heap after
Heap after GC invocations=8 (full 1):
 PSYoungGen      total 141312K, used 10218K [0x00000000d5f00000, 0x00000000e1d00000, 0x0000000100000000)
  eden space 131072K, 0% used [0x00000000d5f00000,0x00000000d5f00000,0x00000000ddf00000)
  from space 10240K, 99% used [0x00000000ddf00000,0x00000000de8faaf0,0x00000000de900000)
  to   space 14336K, 0% used [0x00000000e0f00000,0x00000000e0f00000,0x00000000e1d00000)
 ParOldGen       total 56832K, used 13964K [0x0000000081c00000, 0x0000000085380000, 0x00000000d5f00000)
  object space 56832K, 24% used [0x0000000081c00000,0x00000000829a3170,0x0000000085380000)
 Metaspace       used 31536K, capacity 31990K, committed 32256K, reserved 1077248K
  class space    used 4136K, capacity 4277K, committed 4352K, reserved 1048576K
}
Event: 4.264 GC heap before
{Heap before GC invocations=9 (full 1):
 PSYoungGen      total 141312K, used 141290K [0x00000000d5f00000, 0x00000000e1d00000, 0x0000000100000000)
  eden space 131072K, 100% used [0x00000000d5f00000,0x00000000ddf00000,0x00000000ddf00000)
  from space 10240K, 99% used [0x00000000ddf00000,0x00000000de8faaf0,0x00000000de900000)
  to   space 14336K, 0% used [0x00000000e0f00000,0x00000000e0f00000,0x00000000e1d00000)
 ParOldGen       total 56832K, used 13964K [0x0000000081c00000, 0x0000000085380000, 0x00000000d5f00000)
  object space 56832K, 24% used [0x0000000081c00000,0x00000000829a3170,0x0000000085380000)
 Metaspace       used 34387K, capacity 34946K, committed 35200K, reserved 1079296K
  class space    used 4527K, capacity 4676K, committed 4736K, reserved 1048576K
Event: 4.274 GC heap after
Heap after GC invocations=9 (full 1):
 PSYoungGen      total 178176K, used 14334K [0x00000000d5f00000, 0x00000000e4080000, 0x0000000100000000)
  eden space 163840K, 0% used [0x00000000d5f00000,0x00000000d5f00000,0x00000000dff00000)
  from space 14336K, 99% used [0x00000000e0f00000,0x00000000e1cffa00,0x00000000e1d00000)
  to   space 16384K, 0% used [0x00000000dff00000,0x00000000dff00000,0x00000000e0f00000)
 ParOldGen       total 56832K, used 14142K [0x0000000081c00000, 0x0000000085380000, 0x00000000d5f00000)
  object space 56832K, 24% used [0x0000000081c00000,0x00000000829cf998,0x0000000085380000)
 Metaspace       used 34387K, capacity 34946K, committed 35200K, reserved 1079296K
  class space    used 4527K, capacity 4676K, committed 4736K, reserved 1048576K
}
Event: 7.663 GC heap before
{Heap before GC invocations=10 (full 1):
 PSYoungGen      total 178176K, used 27451K [0x00000000d5f00000, 0x00000000e4080000, 0x0000000100000000)
  eden space 163840K, 8% used [0x00000000d5f00000,0x00000000d6bcf2e8,0x00000000dff00000)
  from space 14336K, 99% used [0x00000000e0f00000,0x00000000e1cffa00,0x00000000e1d00000)
  to   space 16384K, 0% used [0x00000000dff00000,0x00000000dff00000,0x00000000e0f00000)
 ParOldGen       total 56832K, used 14142K [0x0000000081c00000, 0x0000000085380000, 0x00000000d5f00000)
  object space 56832K, 24% used [0x0000000081c00000,0x00000000829cf998,0x0000000085380000)
 Metaspace       used 34789K, capacity 35328K, committed 35416K, reserved 1079296K
  class space    used 4570K, capacity 4713K, committed 4736K, reserved 1048576K
Event: 7.669 GC heap after
Heap after GC invocations=10 (full 1):
 PSYoungGen      total 180224K, used 8031K [0x00000000d5f00000, 0x00000000e4900000, 0x0000000100000000)
  eden space 163840K, 0% used [0x00000000d5f00000,0x00000000d5f00000,0x00000000dff00000)
  from space 16384K, 49% used [0x00000000dff00000,0x00000000e06d7c20,0x00000000e0f00000)
  to   space 15872K, 0% used [0x00000000e3980000,0x00000000e3980000,0x00000000e4900000)
 ParOldGen       total 56832K, used 18473K [0x0000000081c00000, 0x0000000085380000, 0x00000000d5f00000)
  object space 56832K, 32% used [0x0000000081c00000,0x0000000082e0a458,0x0000000085380000)
 Metaspace       used 34789K, capacity 35328K, committed 35416K, reserved 1079296K
  class space    used 4570K, capacity 4713K, committed 4736K, reserved 1048576K
}
Event: 7.669 GC heap before
{Heap before GC invocations=11 (full 2):
 PSYoungGen      total 180224K, used 8031K [0x00000000d5f00000, 0x00000000e4900000, 0x0000000100000000)
  eden space 163840K, 0% used [0x00000000d5f00000,0x00000000d5f00000,0x00000000dff00000)
  from space 16384K, 49% used [0x00000000dff00000,0x00000000e06d7c20,0x00000000e0f00000)
  to   space 15872K, 0% used [0x00000000e3980000,0x00000000e3980000,0x00000000e4900000)
 ParOldGen       total 56832K, used 18473K [0x0000000081c00000, 0x0000000085380000, 0x00000000d5f00000)
  object space 56832K, 32% used [0x0000000081c00000,0x0000000082e0a458,0x0000000085380000)
 Metaspace       used 34789K, capacity 35328K, committed 35416K, reserved 1079296K
  class space    used 4570K, capacity 4713K, committed 4736K, reserved 1048576K
Event: 7.737 GC heap after
Heap after GC invocations=11 (full 2):
 PSYoungGen      total 180224K, used 0K [0x00000000d5f00000, 0x00000000e4900000, 0x0000000100000000)
  eden space 163840K, 0% used [0x00000000d5f00000,0x00000000d5f00000,0x00000000dff00000)
  from space 16384K, 0% used [0x00000000dff00000,0x00000000dff00000,0x00000000e0f00000)
  to   space 15872K, 0% used [0x00000000e3980000,0x00000000e3980000,0x00000000e4900000)
 ParOldGen       total 93696K, used 19019K [0x0000000081c00000, 0x0000000087780000, 0x00000000d5f00000)
  object space 93696K, 20% used [0x0000000081c00000,0x0000000082e92f30,0x0000000087780000)
 Metaspace       used 34789K, capacity 35328K, committed 35416K, reserved 1079296K
  class space    used 4570K, capacity 4713K, committed 4736K, reserved 1048576K
}

Deoptimization events (0 events):
No events

Internal exceptions (10 events):
Event: 18.864 Thread 0x000000001da4d800 Exception <a 'java/lang/ClassNotFoundException': org/springframework/context/support/LiveBeansView> (0x00000000d7cdfe28) thrown at [D:\re\workspace\8-2-build-windows-amd64-cygwin\jdk8u92\6642\hotspot\src\share\vm\classfile\systemDictionary.cpp, line 210]
Event: 18.864 Thread 0x000000001da4d800 Exception <a 'java/lang/ClassNotFoundException': org/springframework/boot/actuate/endpoint/jmx/EndpointMBean> (0x00000000d7ce0198) thrown at [D:\re\workspace\8-2-build-windows-amd64-cygwin\jdk8u92\6642\hotspot\src\share\vm\classfile\systemDictionary.cpp, l2Æ∏8*›2@
Event: 18.864 Thread 0x000000001da4d800 Exception <a 'java/lang/ClassNotFoundException': org/springframework/boot/actuate/endpoint/jmx/DataEndpointMBean> (0x00000000d7ce06f8) thrown at [D:\re\workspace\8-2-build-windows-amd64-cygwin\jdk8u92\6642\hotspot\src\share\vm\classfile\systemDictionary.cpò,›2@
Event: 18.864 Thread 0x000000001da4d800 Exception <a 'java/lang/ClassNotFoundException': org/springframework/context/support/LiveBeansView> (0x00000000d7ce0c40) thrown at [D:\re\workspace\8-2-build-windows-amd64-cygwin\jdk8u92\6642\hotspot\src\share\vm\classfile\systemDictionary.cpp, line 210]
Event: 18.866 Thread 0x000000001da4d800 Exception <a 'java/lang/ClassNotFoundException': org/springframework/boot/actuate/endpoint/jmx/EndpointMBean> (0x00000000d7d38fc0) thrown at [D:\re\workspace\8-2-build-windows-amd64-cygwin\jdk8u92\6642\hotspot\src\share\vm\classfile\systemDictionary.cpp, l	2ßp©›2@
Event: 18.866 Thread 0x000000001da4d800 Exception <a 'java/lang/ClassNotFoundException': org/springframework/boot/actuate/endpoint/jmx/DataEndpointMBean> (0x00000000d7d39520) thrown at [D:\re\workspace\8-2-build-windows-amd64-cygwin\jdk8u92\6642\hotspot\src\share\vm\classfile\systemDictionary.cp
Event: 18.866 Thread 0x000000001da4d800 Exception <a 'java/lang/ClassNotFoundException': org/springframework/context/support/LiveBeansView> (0x00000000d7d39a68) thrown at [D:\re\workspace\8-2-build-windows-amd64-cygwin\jdk8u92\6642\hotspot\src\share\vm\classfile\systemDictionary.cpp, line 210]
Event: 18.866 Thread 0x000000001da4d800 Exception <a 'java/lang/ClassNotFoundException': org/springframework/boot/actuate/endpoint/jmx/EndpointMBean> (0x00000000d7d39d98) thrown at [D:\re\workspace\8-2-build-windows-amd64-cygwin\jdk8u92\6642\hotspot\src\share\vm\classfile\systemDictionary.cpp, lèG∫∞›2@
Event: 18.866 Thread 0x000000001da4d800 Exception <a 'java/lang/ClassNotFoundException': org/springframework/boot/actuate/endpoint/jmx/DataEndpointMBean> (0x00000000d7d3a2b8) thrown at [D:\re\workspace\8-2-build-windows-amd64-cygwin\jdk8u92\6642\hotspot\src\share\vm\classfile\systemDictionary.cp!ﬂJ≥›2@
Event: 18.866 Thread 0x000000001da4d800 Exception <a 'java/lang/ClassNotFoundException': org/springframework/context/support/LiveBeansView> (0x00000000d7d3a7c0) thrown at [D:\re\workspace\8-2-build-windows-amd64-cygwin\jdk8u92\6642\hotspot\src\share\vm\classfile\systemDictionary.cpp, line 210]

Events (10 events):
Event: 353.015 Executing nested VM operation: Deoptimize done
Event: 353.015 Executing VM operation: EnterInterpOnlyMode done
Event: 353.015 Executing VM operation: GetCurrentLocation
Event: 353.015 Executing VM operation: GetCurrentLocation done
Event: 353.015 Executing VM operation: ChangeSingleStep
Event: 353.015 Executing VM operation: ChangeSingleStep done
Event: 353.016 Executing VM operation: GetOrSetLocal
Event: 353.016 Executing VM operation: GetOrSetLocal done
Event: 353.016 Executing VM operation: ChangeSingleStep
Event: 353.017 Executing VM operation: ChangeSingleStep done


Dynamic libraries:
0x00007ff622960000 - 0x00007ff622997000 	C:\Program Files\Java\jdk1.8.0_92\bin\javaw.exe
0x00007ff802a00000 - 0x00007ff802bf0000 	C:\WINDOWS\SYSTEM32\ntdll.dll
0x00007ff802690000 - 0x00007ff802742000 	C:\WINDOWS\System32\KERNEL32.DLL
0x00007fffffd40000 - 0x00007ffffffe4000 	C:\WINDOWS\System32\KERNELBASE.dll
0x00007ff8013b0000 - 0x00007ff801453000 	C:\WINDOWS\System32\ADVAPI32.dll
0x00007ff802920000 - 0x00007ff8029be000 	C:\WINDOWS\System32\msvcrt.dll
0x00007ff801190000 - 0x00007ff801227000 	C:\WINDOWS\System32\sechost.dll
0x00007ff802270000 - 0x00007ff802390000 	C:\WINDOWS\System32\RPCRT4.dll
0x00007ff800b10000 - 0x00007ff800ca4000 	C:\WINDOWS\System32\USER32.dll
0x00007ff800000000 - 0x00007ff800021000 	C:\WINDOWS\System32\win32u.dll
0x00007ff802170000 - 0x00007ff802196000 	C:\WINDOWS\System32\GDI32.dll
0x00007fffffa50000 - 0x00007fffffbe5000 	C:\WINDOWS\System32\gdi32full.dll
0x00007fffffca0000 - 0x00007fffffd3e000 	C:\WINDOWS\System32\msvcp_win.dll
0x00007ff8000e0000 - 0x00007ff8001da000 	C:\WINDOWS\System32\ucrtbase.dll
0x00007ffff72d0000 - 0x00007ffff7554000 	C:\WINDOWS\WinSxS\amd64_microsoft.windows.common-controls_6595b64144ccf1df_6.0.18362.900_none_e6beb9d913147d17\COMCTL32.dll
0x00007ff800d10000 - 0x00007ff801045000 	C:\WINDOWS\System32\combase.dll
0x00007ff800060000 - 0x00007ff8000e0000 	C:\WINDOWS\System32\bcryptPrimitives.dll
0x00007ff8012d0000 - 0x00007ff8012fe000 	C:\WINDOWS\System32\IMM32.DLL
0x00000000696a0000 - 0x0000000069772000 	C:\Program Files\Java\jdk1.8.0_92\jre\bin\msvcr100.dll
0x0000000068e00000 - 0x0000000069696000 	C:\Program Files\Java\jdk1.8.0_92\jre\bin\server\jvm.dll
0x00007ff8012c0000 - 0x00007ff8012c8000 	C:\WINDOWS\System32\PSAPI.DLL
0x00007fffeeef0000 - 0x00007fffeeef9000 	C:\WINDOWS\SYSTEM32\WSOCK32.dll
0x00007ff802570000 - 0x00007ff8025df000 	C:\WINDOWS\System32\WS2_32.dll
0x00007ffffe8d0000 - 0x00007ffffe8da000 	C:\WINDOWS\SYSTEM32\VERSION.dll
0x00007ffffd240000 - 0x00007ffffd264000 	C:\WINDOWS\SYSTEM32\WINMM.dll
0x00007ffffd210000 - 0x00007ffffd23d000 	C:\WINDOWS\SYSTEM32\winmmbase.dll
0x00007fffffa00000 - 0x00007fffffa4a000 	C:\WINDOWS\System32\cfgmgr32.dll
0x000000006f4c0000 - 0x000000006f4cf000 	C:\Program Files\Java\jdk1.8.0_92\jre\bin\verify.dll
0x000000006c3d0000 - 0x000000006c3f9000 	C:\Program Files\Java\jdk1.8.0_92\jre\bin\java.dll
0x0000000067e80000 - 0x0000000067eb5000 	C:\Program Files\Java\jdk1.8.0_92\jre\bin\jdwp.dll
0x0000000067e70000 - 0x0000000067e78000 	C:\Program Files\Java\jdk1.8.0_92\jre\bin\npt.dll
0x000000006c3b0000 - 0x000000006c3c6000 	C:\Program Files\Java\jdk1.8.0_92\jre\bin\zip.dll
0x00007ff801a80000 - 0x00007ff802166000 	C:\WINDOWS\System32\SHELL32.dll
0x00007ff8025e0000 - 0x00007ff802689000 	C:\WINDOWS\System32\shcore.dll
0x00007ff800330000 - 0x00007ff800ab0000 	C:\WINDOWS\System32\windows.storage.dll
0x00007fffff950000 - 0x00007fffff973000 	C:\WINDOWS\System32\profapi.dll
0x00007fffff900000 - 0x00007fffff94a000 	C:\WINDOWS\System32\powrprof.dll
0x00007fffff8b0000 - 0x00007fffff8c0000 	C:\WINDOWS\System32\UMPDC.dll
0x00007ff800cb0000 - 0x00007ff800d02000 	C:\WINDOWS\System32\shlwapi.dll
0x00007fffff8e0000 - 0x00007fffff8f1000 	C:\WINDOWS\System32\kernel.appcore.dll
0x00007fffff980000 - 0x00007fffff997000 	C:\WINDOWS\System32\cryptsp.dll
0x0000000067e60000 - 0x0000000067e69000 	C:\Program Files\Java\jdk1.8.0_92\jre\bin\dt_socket.dll
0x00007fffdc2b0000 - 0x00007fffdc2c6000 	C:\WINDOWS\system32\napinsp.dll
0x00007fffdc290000 - 0x00007fffdc2aa000 	C:\WINDOWS\system32\pnrpnsp.dll
0x00007fffff0c0000 - 0x00007fffff127000 	C:\WINDOWS\System32\mswsock.dll
0x00007ffffee10000 - 0x00007ffffeedb000 	C:\WINDOWS\SYSTEM32\DNSAPI.dll
0x00007ff8027c0000 - 0x00007ff8027c8000 	C:\WINDOWS\System32\NSI.dll
0x00007ffffedd0000 - 0x00007ffffee0a000 	C:\WINDOWS\SYSTEM32\IPHLPAPI.DLL
0x00007fffde3e0000 - 0x00007fffde3ee000 	C:\WINDOWS\System32\winrnr.dll
0x00007ffffbd30000 - 0x00007ffffbd4c000 	C:\WINDOWS\system32\NLAapi.dll
0x00007fffdc270000 - 0x00007fffdc285000 	C:\WINDOWS\system32\wshbth.dll
0x00007ffff7a50000 - 0x00007ffff7ac7000 	C:\WINDOWS\System32\fwpuclnt.dll
0x00007ff800030000 - 0x00007ff800056000 	C:\WINDOWS\System32\bcrypt.dll
0x00007ffff5a60000 - 0x00007ffff5a6a000 	C:\Windows\System32\rasadhlp.dll
0x000000006c360000 - 0x000000006c36d000 	C:\Program Files\Java\jdk1.8.0_92\jre\bin\management.dll
0x000000006c340000 - 0x000000006c35a000 	C:\Program Files\Java\jdk1.8.0_92\jre\bin\net.dll
0x000000006a670000 - 0x000000006a681000 	C:\Program Files\Java\jdk1.8.0_92\jre\bin\nio.dll
0x00007ffffec30000 - 0x00007ffffec63000 	C:\WINDOWS\system32\rsaenh.dll
0x00007fffff7d0000 - 0x00007fffff7f5000 	C:\WINDOWS\SYSTEM32\USERENV.dll
0x00007fffff290000 - 0x00007fffff29c000 	C:\WINDOWS\SYSTEM32\CRYPTBASE.dll
0x00007ffff7f50000 - 0x00007ffff7f66000 	C:\WINDOWS\SYSTEM32\dhcpcsvc6.DLL
0x00007ffff9690000 - 0x00007ffff96ac000 	C:\WINDOWS\SYSTEM32\dhcpcsvc.DLL
0x0000000067e30000 - 0x0000000067e54000 	C:\Program Files\Java\jdk1.8.0_92\jre\bin\sunec.dll
0x00007fffe9ed0000 - 0x00007fffea0c4000 	C:\WINDOWS\SYSTEM32\dbghelp.dll

VM Arguments:
jvm_args: -agentlib:jdwp=transport=dt_socket,suspend=y,address=localhost:49759 -Dcom.sun.management.jmxremote -Dcom.sun.management.jmxremote.port=49758 -Dcom.sun.management.jmxremote.authenticate=false -Dcom.sun.management.jmxremote.ssl=false -Djava.rmi.server.hostname=localhost -Dspring.jmx.enabled=true -Dspring.application.admin.enabled=true -Xverify:none -XX:TieredStopAtLevel=1 -Dfile.encoding=UTF-8 
java_command: org.epragati.tickets.EpragatiTicketsApplication --spring.output.ansi.enabled=always
java_class_path (initial): C:\Users\user\Desktop\Ticket_tool\epragati-tickets\target\classes;C:\Users\user\.m2\repository\org\springframework\boot\spring-boot-starter-web-services\1.5.8.RELEASE\spring-boot-starter-web-services-1.5.8.RELEASE.jar;C:\Users\user\.m2\repository\org\springframework\boot\spring-boot-starter\1.5.8.RELEASE\spring-boot-starter-1.5.8.RELEASE.jar;C:\Users\user\.m2\repository\org\springframework\boot\spring-boot\1.5.8.RELEASE\spring-boot-1.5.8.RELEASE.jar;C:\Users\user\.m2\repository\org\springframework\boot\spring-boot-autoconfigure\1.5.8.RELEASE\spring-boot-autoconfigure-1.5.8.RELEASE.jar;C:\Users\user\.m2\repository\org\springframework\boot\spring-boot-starter-logging\1.5.8.RELEASE\spring-boot-starter-logging-1.5.8.RELEASE.jar;C:\Users\user\.m2\repository\ch\qos\logback\logback-classic\1.1.11\logback-classic-1.1.11.jar;C:\Users\user\.m2\repository\ch\qos\logback\logback-core\1.1.11\logback-core-1.1.11.jar;C:\Users\user\.m2\repository\org\slf4j\jul-to-slf4j\1.7.25\jul-to-slf4j-1.7.25.jar;C:\Users\user\.m2\repository\org\slf4j\log4j-over-slf4j\1.7.25\log4j-over-slf4j-1.7.25.jar;C:\Users\user\.m2\repository\org\springframework\spring-core\4.3.12.RELEASE\spring-core-4.3.12.RELEASE.jar;C:\Users\user\.m2\repository\org\yaml\snakeyaml\1.17\snakeyaml-1.17.jar;C:\Users\user\.m2\repository\org\springframework\boot\spring-boot-starter-web\1.5.8.RELEASE\spring-boot-starter-web-1.5.8.RELEASE.jar;C:\Users\user\.m2\repository\org\hibernate\hibernate-validator\5.3.5.Final\hibernate-validator-5.3.5.Final.jar;C:\Users\user\.m2\repository\javax\validation\validation-api\1.1.0.Final\validation-api-1.1.0.Final.jar;C:\Users\user\.m2\repository\com\fasterxml\classmate\1.3.4\classmate-1.3.4.jar;C:\Users\user\.m2\repository\com\fasterxml\jackson\core\jackson-databind\2.8.10\jackson-databind-2.8.10.jar;C:\Users\user\.m2\repository\com\fasterxml\jackson\core\jackson-annotations\2.8.0\jackson-annotations-2.8.0.jar;C:\Users\user\.m2\repository\com\fasterxml\jackson\cor
Launcher Type: SUN_STANDARD

Environment Variables:
JAVA_HOME=C:\Program Files\Java\jdk1.8.0_92
PATH=C:\Program Files\Java\jdk1.8.0_92\jre\bin;C:/Program Files/Java/jre1.8.0_92/bin/server;C:/Program Files/Java/jre1.8.0_92/bin;C:/Program Files/Java/jre1.8.0_92/lib/amd64;C:\ProgramData\Oracle\Java\javapath;C:\Program Files (x86)\Intel\iCLS Client\;C:\Program Files\Intel\iCLS Client\;C:\WINDOWS\system32;C:\WINDOWS;C:\WINDOWS\System32\Wbem;C:\WINDOWS\System32\WindowsPowerShell\v1.0\;C:\Program Files (x86)\Intel\Intel(R) Management Engine Components\DAL;C:\Program Files\Intel\Intel(R) Management Engine Components\DAL;C:\Program Files (x86)\Intel\Intel(R) Management Engine Components\IPT;C:\Program Files\Intel\Intel(R) Management Engine Components\IPT;C:\Program Files\Java\jdk1.8.0_92\bin;C:\Program Files\apache-maven-3.5.4\bin;C:\WINDOWS\System32\OpenSSH\;C:\Program Files\Microsoft SQL Server\Client SDK\ODBC\130\Tools\Binn\;C:\Program Files (x86)\Microsoft SQL Server\140\Tools\Binn\;C:\Program Files\Microsoft SQL Server\140\Tools\Binn\;C:\Program Files\Microsoft SQL Server\140\DTS\Binn\;C:\Program Files (x86)\Microsoft SQL Server\Client SDK\ODBC\130\Tools\Binn\;C:\Program Files (x86)\Microsoft SQL Server\140\DTS\Binn\;C:\Program Files (x86)\Microsoft SQL Server\140\Tools\Binn\ManagementStudio\;C:\Program Files (x86)\Brackets\command;C:\Program Files\dotnet\;C:\Program Files\nodejs\;C:\Program Files\Microsoft SQL Server\130\Tools\Binn\;C:\Program Files\Microsoft SQL Server\Client SDK\ODBC\170\Tools\Binn\;C:\Program Files\TortoiseGit\bin;C:\Program Files\Git\cmd;C:\Users\user\AppData\Local\Microsoft\WindowsApps;C:\Users\user\Desktop\STS\spring-tool-suite-4-4.4.0.RELEASE-e4.13.0-win32.win32.x86_64\sts-4.4.0.RELEASE;
USERNAME=YASWANTH
OS=Windows_NT
PROCESSOR_IDENTIFIER=Intel64 Family 6 Model 94 Stepping 3, GenuineIntel



---------------  S Y S T E M  ---------------

OS: Windows 10.0 , 64 bit Build 18362 (10.0.18362.900)

CPU:total 8 (4 cores per cpu, 2 threads per core) family 6 model 94 stepping 3, cmov, cx8, fxsr, mmx, sse, sse2, sse3, ssse3, sse4.1, sse4.2, popcnt, avx, avx2, aes, clmul, erms, rtm, 3dnowpref, lzcnt, ht, tsc, tscinvbit, bmi1, bmi2, adx

Memory: 4k page, physical 8266336k(818984k free), swap 25043552k(14026708k free)

vm_info: Java HotSpot(TM) 64-Bit Server VM (25.92-b14) for windows-amd64 JRE (1.8.0_92-b14), built on Mar 31 2016 21:03:04 by "java_re" with MS VC++ 10.0 (VS2010)

time: Wed Jul 08 12:52:07 2020
elapsed time: 353 seconds (0d 0h 5m 53s)

