#
# A fatal error has been detected by the Java Runtime Environment:
#
#  EXCEPTION_ACCESS_VIOLATION (0xc0000005) at pc=0x0000000068f29575, pid=41484, tid=0x0000000000007830
#
# JRE version: Java(TM) SE Runtime Environment (8.0_92-b14) (build 1.8.0_92-b14)
# Java VM: Java HotSpot(TM) 64-Bit Server VM (25.92-b14 mixed mode windows-amd64 compressed oops)
# Problematic frame:
# V  [jvm.dll+0x129575]
#
# Failed to write core dump. Minidumps are not enabled by default on client versions of Windows
#
# If you would like to submit a bug report, please visit:
#   http://bugreport.java.com/bugreport/crash.jsp
#

---------------  T H R E A D  ---------------

Current thread (0x00000000196ba800):  JavaThread "JDWP Transport Listener: dt_socket" daemon [_thread_in_vm, id=30768, stack(0x000000001a1c0000,0x000000001a2c0000)]

siginfo: ExceptionCode=0xc0000005, reading address 0xffffffffffffffff

Registers:
RAX=0x000000001a2bf601, RBX=0x00000000196ba800, RCX=0x697270732f67726f, RDX=0x0000000000000000
RSP=0x000000001a2bf600, RBP=0x697270732f67726f, RSI=0x000000001a2bf718, RDI=0x00000000025fdd10
R8 =0x00000000196ba800, R9 =0x0000000000000001, R10=0x0000000000008000, R11=0x000000001a2bf550
R12=0x0000000000000000, R13=0x00000000196bb098, R14=0x0000000000000000, R15=0x0000000000000000
RIP=0x0000000068f29575, EFLAGS=0x0000000000010206

Top of Stack: (sp=0x000000001a2bf600)
0x000000001a2bf600:   00000000196ba800 00000000196ba800
0x000000001a2bf610:   000000001a2bf6c8 000000006912fbab
0x000000001a2bf620:   00000000196ba800 000000006914c40d
0x000000001a2bf630:   0000000000000000 0000000067e99155
0x000000001a2bf640:   000000001d211830 0000000067ea291e
0x000000001a2bf650:   00000000196ba800 0000000000000000
0x000000001a2bf660:   0000000000000000 0000000000000000
0x000000001a2bf670:   697270732f67726f 0000000067ea1a15
0x000000001a2bf680:   000000001a2bf718 000000001a2bf6f0
0x000000001a2bf690:   0000000000000001 000000001d211830
0x000000001a2bf6a0:   697270732f67726f 0000000067e853b3
0x000000001a2bf6b0:   000000001a2bf7e0 0000000000000001
0x000000001a2bf6c0:   0000000000000001 000000001d211830
0x000000001a2bf6d0:   0000000000000001 0000000000000000
0x000000001a2bf6e0:   0000000000000000 0000000000000000
0x000000001a2bf6f0:   0000000000000001 0000000067e85571 

Instructions: (pc=0x0000000068f29575)
0x0000000068f29555:   cc cc cc cc cc cc cc cc cc cc cc 48 83 ec 28 48
0x0000000068f29565:   85 c9 75 07 33 c0 48 83 c4 28 c3 48 89 5c 24 20
0x0000000068f29575:   48 8b 19 48 85 db 74 20 48 83 fb 37 74 1a 48 8b
0x0000000068f29585:   13 48 8b cb ff 52 10 84 c0 74 0d 48 8b c3 48 8b 


Register to memory mapping:

RAX=0x000000001a2bf601 is pointing into the stack for thread: 0x00000000196ba800
RBX=0x00000000196ba800 is a thread
RCX=0x697270732f67726f is an unknown value
RDX=0x0000000000000000 is an unknown value
RSP=0x000000001a2bf600 is pointing into the stack for thread: 0x00000000196ba800
RBP=0x697270732f67726f is an unknown value
RSI=0x000000001a2bf718 is pointing into the stack for thread: 0x00000000196ba800
RDI=0x00000000025fdd10 is an unknown value
R8 =0x00000000196ba800 is a thread
R9 =0x0000000000000001 is an unknown value
R10=0x0000000000008000 is an unknown value
R11=0x000000001a2bf550 is pointing into the stack for thread: 0x00000000196ba800
R12=0x0000000000000000 is an unknown value
R13=0x00000000196bb098 is an unknown value
R14=0x0000000000000000 is an unknown value
R15=0x0000000000000000 is an unknown value


Stack: [0x000000001a1c0000,0x000000001a2c0000],  sp=0x000000001a2bf600,  free space=1021k
Native frames: (J=compiled Java code, j=interpreted, Vv=VM code, C=native code)
V  [jvm.dll+0x129575]
V  [jvm.dll+0x34c40d]
C  [jdwp.dll+0x21a15]
C  [jdwp.dll+0x53b3]
C  [jdwp.dll+0x5571]
C  [jdwp.dll+0xf0a8]
C  [jdwp.dll+0x1f2d5]
C  [jdwp.dll+0x1f4aa]
V  [jvm.dll+0x1bc3e8]
V  [jvm.dll+0x244314]
V  [jvm.dll+0x29b34a]
C  [msvcr100.dll+0x21d9f]
C  [msvcr100.dll+0x21e3b]
C  [KERNEL32.DLL+0x17bd4]
C  [ntdll.dll+0x6ce51]


---------------  P R O C E S S  ---------------

Java Threads: ( => current thread )
  0x000000001d151000 JavaThread "RMI TCP Connection(idle)" daemon [_thread_blocked, id=34196, stack(0x000000001ffd0000,0x00000000200d0000)]
  0x000000001d157000 JavaThread "DestroyJavaVM" [_thread_blocked, id=41888, stack(0x0000000002610000,0x0000000002710000)]
  0x000000001d153800 JavaThread "http-nio-8085-AsyncTimeout" daemon [_thread_blocked, id=40860, stack(0x000000001fad0000,0x000000001fbd0000)]
  0x000000001d155800 JavaThread "http-nio-8085-Acceptor-0" daemon [_thread_in_native, id=17644, stack(0x000000001f9d0000,0x000000001fad0000)]
  0x000000001d14f800 JavaThread "http-nio-8085-ClientPoller-1" daemon [_thread_in_native, id=16572, stack(0x000000001f8d0000,0x000000001f9d0000)]
  0x000000001d14b800 JavaThread "http-nio-8085-ClientPoller-0" daemon [_thread_in_native, id=30484, stack(0x000000001f7d0000,0x000000001f8d0000)]
  0x000000001d152000 JavaThread "http-nio-8085-exec-10" daemon [_thread_blocked, id=41676, stack(0x000000001f6d0000,0x000000001f7d0000)]
  0x000000001d14f000 JavaThread "http-nio-8085-exec-9" daemon [_thread_blocked, id=37640, stack(0x000000001f5d0000,0x000000001f6d0000)]
  0x000000001d14e000 JavaThread "http-nio-8085-exec-8" daemon [_thread_blocked, id=32792, stack(0x000000001f4d0000,0x000000001f5d0000)]
  0x000000001d14d800 JavaThread "http-nio-8085-exec-7" daemon [_thread_blocked, id=39580, stack(0x000000001f3d0000,0x000000001f4d0000)]
  0x000000001d152800 JavaThread "http-nio-8085-exec-6" daemon [_thread_blocked, id=41804, stack(0x000000001f2d0000,0x000000001f3d0000)]
  0x000000001d150800 JavaThread "http-nio-8085-exec-5" daemon [_thread_blocked, id=28916, stack(0x000000001f1d0000,0x000000001f2d0000)]
  0x000000001d14c800 JavaThread "http-nio-8085-exec-4" daemon [_thread_blocked, id=18644, stack(0x000000001f0d0000,0x000000001f1d0000)]
  0x000000001ce0d800 JavaThread "http-nio-8085-exec-3" daemon [_thread_blocked, id=8504, stack(0x000000001efd0000,0x000000001f0d0000)]
  0x000000001ce13800 JavaThread "http-nio-8085-exec-2" daemon [_thread_blocked, id=32340, stack(0x000000001eed0000,0x000000001efd0000)]
  0x000000001ce11800 JavaThread "http-nio-8085-exec-1" daemon [_thread_blocked, id=10544, stack(0x000000001edd0000,0x000000001eed0000)]
  0x000000001ce12000 JavaThread "NioBlockingSelector.BlockPoller-1" daemon [_thread_in_native, id=33884, stack(0x000000001ecd0000,0x000000001edd0000)]
  0x000000001ce13000 JavaThread "JMX server connection timeout 33" daemon [_thread_blocked, id=17028, stack(0x000000001ebd0000,0x000000001ecd0000)]
  0x000000001ce10800 JavaThread "RMI TCP Connection(idle)" daemon [_thread_blocked, id=32744, stack(0x000000001ead0000,0x000000001ebd0000)]
  0x000000001ce0f000 JavaThread "pool-2-thread-1" daemon [_thread_blocked, id=40392, stack(0x000000001e4d0000,0x000000001e5d0000)]
  0x000000001ce0e800 JavaThread "cluster-ClusterId{value='5f0575e28f8c53a20c1cb864', description='null'}-220.225.217.251:1611" daemon [_thread_blocked, id=41428, stack(0x000000001e3d0000,0x000000001e4d0000)]
  0x000000001ce10000 JavaThread "container-0" [_thread_blocked, id=15216, stack(0x000000001e0d0000,0x000000001e1d0000)]
  0x000000001ce14800 JavaThread "ContainerBackgroundProcessor[StandardEngine[Tomcat]]" daemon [_thread_blocked, id=39988, stack(0x000000001dfd0000,0x000000001e0d0000)]
  0x000000001cd52800 JavaThread "JMX server connection timeout 27" daemon [_thread_blocked, id=36964, stack(0x000000001ded0000,0x000000001dfd0000)]
  0x000000001cd5b800 JavaThread "RMI TCP Connection(idle)" daemon [_thread_blocked, id=39008, stack(0x000000001ddd0000,0x000000001ded0000)]
  0x000000001ad47000 JavaThread "JMX server connection timeout 21" daemon [_thread_blocked, id=41384, stack(0x000000001bd00000,0x000000001be00000)]
  0x000000001ad21000 JavaThread "RMI Scheduler(0)" daemon [_thread_blocked, id=38976, stack(0x000000001ba00000,0x000000001bb00000)]
  0x000000001ab7a000 JavaThread "RMI TCP Accept-0" daemon [_thread_in_native, id=32244, stack(0x000000001b4c0000,0x000000001b5c0000)]
  0x000000001ab68000 JavaThread "RMI TCP Accept-51078" daemon [_thread_in_native, id=41684, stack(0x000000001b2c0000,0x000000001b3c0000)]
  0x000000001ab55000 JavaThread "RMI TCP Accept-0" daemon [_thread_in_native, id=40624, stack(0x000000001b1c0000,0x000000001b2c0000)]
  0x0000000019721000 JavaThread "Service Thread" daemon [_thread_blocked, id=23220, stack(0x000000001a8c0000,0x000000001a9c0000)]
  0x00000000196e6000 JavaThread "C1 CompilerThread3" daemon [_thread_blocked, id=35052, stack(0x000000001a7c0000,0x000000001a8c0000)]
  0x00000000196e4800 JavaThread "C2 CompilerThread2" daemon [_thread_blocked, id=13408, stack(0x000000001a6c0000,0x000000001a7c0000)]
  0x00000000196e2800 JavaThread "C2 CompilerThread1" daemon [_thread_blocked, id=40784, stack(0x000000001a5c0000,0x000000001a6c0000)]
  0x00000000196d6000 JavaThread "C2 CompilerThread0" daemon [_thread_blocked, id=34068, stack(0x000000001a4c0000,0x000000001a5c0000)]
  0x00000000196c8800 JavaThread "JDWP Command Reader" daemon [_thread_in_native, id=39484, stack(0x000000001a3c0000,0x000000001a4c0000)]
  0x00000000196c5800 JavaThread "JDWP Event Helper Thread" daemon [_thread_blocked, id=28472, stack(0x000000001a2c0000,0x000000001a3c0000)]
=>0x00000000196ba800 JavaThread "JDWP Transport Listener: dt_socket" daemon [_thread_in_vm, id=30768, stack(0x000000001a1c0000,0x000000001a2c0000)]
  0x00000000196b2800 JavaThread "Attach Listener" daemon [_thread_blocked, id=40944, stack(0x0000000019d80000,0x0000000019e80000)]
  0x00000000196b0000 JavaThread "Signal Dispatcher" daemon [_thread_blocked, id=4908, stack(0x0000000019c80000,0x0000000019d80000)]
  0x000000000280d800 JavaThread "Finalizer" daemon [_thread_blocked, id=38692, stack(0x0000000019a80000,0x0000000019b80000)]
  0x000000000280c000 JavaThread "Reference Handler" daemon [_thread_blocked, id=41832, stack(0x0000000019580000,0x0000000019680000)]

Other Threads:
  0x0000000017788000 VMThread [stack: 0x0000000019480000,0x0000000019580000] [id=33364]
  0x000000001ab8c000 WatcherThread [stack: 0x000000001b5c0000,0x000000001b6c0000] [id=23752]

VM state:not at safepoint (normal execution)

VM Mutex/Monitor currently owned by a thread: None

Heap:
 PSYoungGen      total 182272K, used 38094K [0x00000000d5f00000, 0x00000000e6c80000, 0x0000000100000000)
  eden space 165888K, 22% used [0x00000000d5f00000,0x00000000d8433bf0,0x00000000e0100000)
  from space 16384K, 0% used [0x00000000e0100000,0x00000000e0100000,0x00000000e1100000)
  to   space 15872K, 0% used [0x00000000e5d00000,0x00000000e5d00000,0x00000000e6c80000)
 ParOldGen       total 80896K, used 18812K [0x0000000081c00000, 0x0000000086b00000, 0x00000000d5f00000)
  object space 80896K, 23% used [0x0000000081c00000,0x0000000082e5f198,0x0000000086b00000)
 Metaspace       used 35956K, capacity 36576K, committed 36952K, reserved 1081344K
  class space    used 4709K, capacity 4873K, committed 4992K, reserved 1048576K

Card table byte_map: [0x0000000011bd0000,0x0000000011fd0000] byte_map_base: 0x00000000117c2000

Marking Bits: (ParMarkBitMap*) 0x00000000696164f0
 Begin Bits: [0x0000000012a80000, 0x0000000014a10000)
 End Bits:   [0x0000000014a10000, 0x00000000169a0000)

Polling page: 0x00000000003f0000

CodeCache: size=245760Kb used=7782Kb max_used=7899Kb free=237977Kb
 bounds [0x0000000002810000, 0x0000000002fd0000, 0x0000000011810000]
 total_blobs=3954 nmethods=3525 adapters=348
 compilation: enabled

Compilation events (10 events):
Event: 89.268 Thread 0x00000000196e6000 3600       1       java.util.concurrent.ThreadPoolExecutor::isRunningOrShutdown (31 bytes)
Event: 89.268 Thread 0x00000000196e6000 nmethod 3600 0x0000000002efe510 code [0x0000000002efe660, 0x0000000002efe7b0]
Event: 89.746 Thread 0x00000000196e6000 3601       1       java.nio.channels.spi.AbstractSelector::end (5 bytes)
Event: 89.747 Thread 0x00000000196e6000 nmethod 3601 0x0000000002d0f450 code [0x0000000002d0f5c0, 0x0000000002d0f8f0]
Event: 89.747 Thread 0x00000000196e6000 3602       1       sun.nio.ch.WindowsSelectorImpl$FinishLock::access$700 (5 bytes)
Event: 89.747 Thread 0x00000000196e6000 nmethod 3602 0x0000000002efe190 code [0x0000000002efe2e0, 0x0000000002efe408]
Event: 90.268 Thread 0x00000000196e6000 3603       1       java.util.concurrent.locks.AbstractQueuedSynchronizer::isOnSyncQueue (33 bytes)
Event: 90.268 Thread 0x00000000196e6000 nmethod 3603 0x0000000002d0f090 code [0x0000000002d0f1e0, 0x0000000002d0f370]
Event: 90.268 Thread 0x00000000196e6000 3604       1       java.util.concurrent.ThreadPoolExecutor::workerCountOf (5 bytes)
Event: 90.268 Thread 0x00000000196e6000 nmethod 3604 0x0000000002d0edd0 code [0x0000000002d0ef20, 0x0000000002d0f010]

GC Heap History (10 events):
Event: 2.524 GC heap before
{Heap before GC invocations=7 (full 1):
 PSYoungGen      total 71680K, used 66560K [0x00000000d5f00000, 0x00000000df300000, 0x0000000100000000)
  eden space 66560K, 100% used [0x00000000d5f00000,0x00000000da000000,0x00000000da000000)
  from space 5120K, 0% used [0x00000000da000000,0x00000000da000000,0x00000000da500000)
  to   space 9216K, 0% used [0x00000000dea00000,0x00000000dea00000,0x00000000df300000)
 ParOldGen       total 56320K, used 7568K [0x0000000081c00000, 0x0000000085300000, 0x00000000d5f00000)
  object space 56320K, 13% used [0x0000000081c00000,0x0000000082364170,0x0000000085300000)
 Metaspace       used 25818K, capacity 26192K, committed 26496K, reserved 1073152K
  class space    used 3339K, capacity 3451K, committed 3456K, reserved 1048576K
Event: 2.532 GC heap after
Heap after GC invocations=7 (full 1):
 PSYoungGen      total 116736K, used 9211K [0x00000000d5f00000, 0x00000000df300000, 0x0000000100000000)
  eden space 107520K, 0% used [0x00000000d5f00000,0x00000000d5f00000,0x00000000dc800000)
  from space 9216K, 99% used [0x00000000dea00000,0x00000000df2fef98,0x00000000df300000)
  to   space 10752K, 0% used [0x00000000dde00000,0x00000000dde00000,0x00000000de880000)
 ParOldGen       total 56320K, used 8509K [0x0000000081c00000, 0x0000000085300000, 0x00000000d5f00000)
  object space 56320K, 15% used [0x0000000081c00000,0x000000008244f400,0x0000000085300000)
 Metaspace       used 25818K, capacity 26192K, committed 26496K, reserved 1073152K
  class space    used 3339K, capacity 3451K, committed 3456K, reserved 1048576K
}
Event: 3.600 GC heap before
{Heap before GC invocations=8 (full 1):
 PSYoungGen      total 116736K, used 116731K [0x00000000d5f00000, 0x00000000df300000, 0x0000000100000000)
  eden space 107520K, 100% used [0x00000000d5f00000,0x00000000dc800000,0x00000000dc800000)
  from space 9216K, 99% used [0x00000000dea00000,0x00000000df2fef98,0x00000000df300000)
  to   space 10752K, 0% used [0x00000000dde00000,0x00000000dde00000,0x00000000de880000)
 ParOldGen       total 56320K, used 8509K [0x0000000081c00000, 0x0000000085300000, 0x00000000d5f00000)
  object space 56320K, 15% used [0x0000000081c00000,0x000000008244f400,0x0000000085300000)
 Metaspace       used 31179K, capacity 31670K, committed 31872K, reserved 1077248K
  class space    used 4094K, capacity 4213K, committed 4224K, reserved 1048576K
Event: 3.610 GC heap after
Heap after GC invocations=8 (full 1):
 PSYoungGen      total 140800K, used 10750K [0x00000000d5f00000, 0x00000000e1e80000, 0x0000000100000000)
  eden space 130048K, 0% used [0x00000000d5f00000,0x00000000d5f00000,0x00000000dde00000)
  from space 10752K, 99% used [0x00000000dde00000,0x00000000de87f980,0x00000000de880000)
  to   space 13824K, 0% used [0x00000000e1100000,0x00000000e1100000,0x00000000e1e80000)
 ParOldGen       total 56320K, used 13047K [0x0000000081c00000, 0x0000000085300000, 0x00000000d5f00000)
  object space 56320K, 23% used [0x0000000081c00000,0x00000000828bdc80,0x0000000085300000)
 Metaspace       used 31179K, capacity 31670K, committed 31872K, reserved 1077248K
  class space    used 4094K, capacity 4213K, committed 4224K, reserved 1048576K
}
Event: 5.177 GC heap before
{Heap before GC invocations=9 (full 1):
 PSYoungGen      total 140800K, used 140798K [0x00000000d5f00000, 0x00000000e1e80000, 0x0000000100000000)
  eden space 130048K, 100% used [0x00000000d5f00000,0x00000000dde00000,0x00000000dde00000)
  from space 10752K, 99% used [0x00000000dde00000,0x00000000de87f980,0x00000000de880000)
  to   space 13824K, 0% used [0x00000000e1100000,0x00000000e1100000,0x00000000e1e80000)
 ParOldGen       total 56320K, used 13047K [0x0000000081c00000, 0x0000000085300000, 0x00000000d5f00000)
  object space 56320K, 23% used [0x0000000081c00000,0x00000000828bdc80,0x0000000085300000)
 Metaspace       used 34395K, capacity 34952K, committed 35200K, reserved 1079296K
  class space    used 4534K, capacity 4677K, committed 4736K, reserved 1048576K
Event: 5.187 GC heap after
Heap after GC invocations=9 (full 1):
 PSYoungGen      total 179712K, used 13808K [0x00000000d5f00000, 0x00000000e4080000, 0x0000000100000000)
  eden space 165888K, 0% used [0x00000000d5f00000,0x00000000d5f00000,0x00000000e0100000)
  from space 13824K, 99% used [0x00000000e1100000,0x00000000e1e7c338,0x00000000e1e80000)
  to   space 16384K, 0% used [0x00000000e0100000,0x00000000e0100000,0x00000000e1100000)
 ParOldGen       total 56320K, used 14713K [0x0000000081c00000, 0x0000000085300000, 0x00000000d5f00000)
  object space 56320K, 26% used [0x0000000081c00000,0x0000000082a5e618,0x0000000085300000)
 Metaspace       used 34395K, capacity 34952K, committed 35200K, reserved 1079296K
  class space    used 4534K, capacity 4677K, committed 4736K, reserved 1048576K
}
Event: 5.220 GC heap before
{Heap before GC invocations=10 (full 1):
 PSYoungGen      total 179712K, used 16415K [0x00000000d5f00000, 0x00000000e4080000, 0x0000000100000000)
  eden space 165888K, 1% used [0x00000000d5f00000,0x00000000d618bb70,0x00000000e0100000)
  from space 13824K, 99% used [0x00000000e1100000,0x00000000e1e7c338,0x00000000e1e80000)
  to   space 16384K, 0% used [0x00000000e0100000,0x00000000e0100000,0x00000000e1100000)
 ParOldGen       total 56320K, used 14713K [0x0000000081c00000, 0x0000000085300000, 0x00000000d5f00000)
  object space 56320K, 26% used [0x0000000081c00000,0x0000000082a5e618,0x0000000085300000)
 Metaspace       used 34732K, capacity 35240K, committed 35416K, reserved 1079296K
  class space    used 4570K, capacity 4709K, committed 4736K, reserved 1048576K
Event: 5.227 GC heap after
Heap after GC invocations=10 (full 1):
 PSYoungGen      total 182272K, used 7679K [0x00000000d5f00000, 0x00000000e6c80000, 0x0000000100000000)
  eden space 165888K, 0% used [0x00000000d5f00000,0x00000000d5f00000,0x00000000e0100000)
  from space 16384K, 46% used [0x00000000e0100000,0x00000000e087fc20,0x00000000e1100000)
  to   space 15872K, 0% used [0x00000000e5d00000,0x00000000e5d00000,0x00000000e6c80000)
 ParOldGen       total 56320K, used 19905K [0x0000000081c00000, 0x0000000085300000, 0x00000000d5f00000)
  object space 56320K, 35% used [0x0000000081c00000,0x0000000082f70758,0x0000000085300000)
 Metaspace       used 34732K, capacity 35240K, committed 35416K, reserved 1079296K
  class space    used 4570K, capacity 4709K, committed 4736K, reserved 1048576K
}
Event: 5.227 GC heap before
{Heap before GC invocations=11 (full 2):
 PSYoungGen      total 182272K, used 7679K [0x00000000d5f00000, 0x00000000e6c80000, 0x0000000100000000)
  eden space 165888K, 0% used [0x00000000d5f00000,0x00000000d5f00000,0x00000000e0100000)
  from space 16384K, 46% used [0x00000000e0100000,0x00000000e087fc20,0x00000000e1100000)
  to   space 15872K, 0% used [0x00000000e5d00000,0x00000000e5d00000,0x00000000e6c80000)
 ParOldGen       total 56320K, used 19905K [0x0000000081c00000, 0x0000000085300000, 0x00000000d5f00000)
  object space 56320K, 35% used [0x0000000081c00000,0x0000000082f70758,0x0000000085300000)
 Metaspace       used 34732K, capacity 35240K, committed 35416K, reserved 1079296K
  class space    used 4570K, capacity 4709K, committed 4736K, reserved 1048576K
Event: 5.299 GC heap after
Heap after GC invocations=11 (full 2):
 PSYoungGen      total 182272K, used 0K [0x00000000d5f00000, 0x00000000e6c80000, 0x0000000100000000)
  eden space 165888K, 0% used [0x00000000d5f00000,0x00000000d5f00000,0x00000000e0100000)
  from space 16384K, 0% used [0x00000000e0100000,0x00000000e0100000,0x00000000e1100000)
  to   space 15872K, 0% used [0x00000000e5d00000,0x00000000e5d00000,0x00000000e6c80000)
 ParOldGen       total 80896K, used 18812K [0x0000000081c00000, 0x0000000086b00000, 0x00000000d5f00000)
  object space 80896K, 23% used [0x0000000081c00000,0x0000000082e5f198,0x0000000086b00000)
 Metaspace       used 34732K, capacity 35240K, committed 35416K, reserved 1079296K
  class space    used 4570K, capacity 4709K, committed 4736K, reserved 1048576K
}

Deoptimization events (0 events):
No events

Internal exceptions (10 events):
Event: 19.565 Thread 0x000000001ce10800 Exception <a 'java/lang/ClassNotFoundException': org/springframework/context/support/LiveBeansView> (0x00000000d7d621c0) thrown at [D:\re\workspace\8-2-build-windows-amd64-cygwin\jdk8u92\6642\hotspot\src\share\vm\classfile\systemDictionary.cpp, line 210]
Event: 19.565 Thread 0x000000001ce10800 Exception <a 'java/lang/ClassNotFoundException': org/springframework/boot/actuate/endpoint/jmx/EndpointMBean> (0x00000000d7d62530) thrown at [D:\re\workspace\8-2-build-windows-amd64-cygwin\jdk8u92\6642\hotspot\src\share\vm\classfile\systemDictionary.cpp, l@BÑ…ê3@
Event: 19.566 Thread 0x000000001ce10800 Exception <a 'java/lang/ClassNotFoundException': org/springframework/boot/actuate/endpoint/jmx/DataEndpointMBean> (0x00000000d7d62a90) thrown at [D:\re\workspace\8-2-build-windows-amd64-cygwin\jdk8u92\6642\hotspot\src\share\vm\classfile\systemDictionary.cpn,Õê3@
Event: 19.566 Thread 0x000000001ce10800 Exception <a 'java/lang/ClassNotFoundException': org/springframework/context/support/LiveBeansView> (0x00000000d7d62fd8) thrown at [D:\re\workspace\8-2-build-windows-amd64-cygwin\jdk8u92\6642\hotspot\src\share\vm\classfile\systemDictionary.cpp, line 210]
Event: 19.568 Thread 0x000000001ce10800 Exception <a 'java/lang/ClassNotFoundException': org/springframework/boot/actuate/endpoint/jmx/EndpointMBean> (0x00000000d7dbb3f8) thrown at [D:\re\workspace\8-2-build-windows-amd64-cygwin\jdk8u92\6642\hotspot\src\share\vm\classfile\systemDictionary.cpp, l6èhßãë3@
Event: 19.569 Thread 0x000000001ce10800 Exception <a 'java/lang/ClassNotFoundException': org/springframework/boot/actuate/endpoint/jmx/DataEndpointMBean> (0x00000000d7dbb958) thrown at [D:\re\workspace\8-2-build-windows-amd64-cygwin\jdk8u92\6642\hotspot\src\share\vm\classfile\systemDictionary.cp
Event: 19.569 Thread 0x000000001ce10800 Exception <a 'java/lang/ClassNotFoundException': org/springframework/context/support/LiveBeansView> (0x00000000d7dbbea0) thrown at [D:\re\workspace\8-2-build-windows-amd64-cygwin\jdk8u92\6642\hotspot\src\share\vm\classfile\systemDictionary.cpp, line 210]
Event: 19.569 Thread 0x000000001ce10800 Exception <a 'java/lang/ClassNotFoundException': org/springframework/boot/actuate/endpoint/jmx/EndpointMBean> (0x00000000d7dbc1d0) thrown at [D:\re\workspace\8-2-build-windows-amd64-cygwin\jdk8u92\6642\hotspot\src\share\vm\classfile\systemDictionary.cpp, lT˘Cÿïë3@
Event: 19.569 Thread 0x000000001ce10800 Exception <a 'java/lang/ClassNotFoundException': org/springframework/boot/actuate/endpoint/jmx/DataEndpointMBean> (0x00000000d7dbc6f0) thrown at [D:\re\workspace\8-2-build-windows-amd64-cygwin\jdk8u92\6642\hotspot\src\share\vm\classfile\systemDictionary.cp†ûàèôë3@
Event: 19.569 Thread 0x000000001ce10800 Exception <a 'java/lang/ClassNotFoundException': org/springframework/context/support/LiveBeansView> (0x00000000d7dbcbf8) thrown at [D:\re\workspace\8-2-build-windows-amd64-cygwin\jdk8u92\6642\hotspot\src\share\vm\classfile\systemDictionary.cpp, line 210]

Events (10 events):
Event: 93.320 Executing nested VM operation: Deoptimize done
Event: 93.320 Executing VM operation: EnterInterpOnlyMode done
Event: 93.320 Executing VM operation: GetCurrentLocation
Event: 93.320 Executing VM operation: GetCurrentLocation done
Event: 93.321 Executing VM operation: ChangeSingleStep
Event: 93.321 Executing VM operation: ChangeSingleStep done
Event: 93.322 Executing VM operation: GetOrSetLocal
Event: 93.322 Executing VM operation: GetOrSetLocal done
Event: 93.324 Executing VM operation: ChangeSingleStep
Event: 93.324 Executing VM operation: ChangeSingleStep done


Dynamic libraries:
0x00007ff622960000 - 0x00007ff622997000 	C:\Program Files\Java\jdk1.8.0_92\bin\javaw.exe
0x00007ff802a00000 - 0x00007ff802bf0000 	C:\WINDOWS\SYSTEM32\ntdll.dll
0x00007ff802690000 - 0x00007ff802742000 	C:\WINDOWS\System32\KERNEL32.DLL
0x00007fffffd40000 - 0x00007ffffffe4000 	C:\WINDOWS\System32\KERNELBASE.dll
0x00007ff8013b0000 - 0x00007ff801453000 	C:\WINDOWS\System32\ADVAPI32.dll
0x00007ff802920000 - 0x00007ff8029be000 	C:\WINDOWS\System32\msvcrt.dll
0x00007ff801190000 - 0x00007ff801227000 	C:\WINDOWS\System32\sechost.dll
0x00007ff802270000 - 0x00007ff802390000 	C:\WINDOWS\System32\RPCRT4.dll
0x00007ff800b10000 - 0x00007ff800ca4000 	C:\WINDOWS\System32\USER32.dll
0x00007ff800000000 - 0x00007ff800021000 	C:\WINDOWS\System32\win32u.dll
0x00007ff802170000 - 0x00007ff802196000 	C:\WINDOWS\System32\GDI32.dll
0x00007fffffa50000 - 0x00007fffffbe5000 	C:\WINDOWS\System32\gdi32full.dll
0x00007fffffca0000 - 0x00007fffffd3e000 	C:\WINDOWS\System32\msvcp_win.dll
0x00007ff8000e0000 - 0x00007ff8001da000 	C:\WINDOWS\System32\ucrtbase.dll
0x00007ffff72d0000 - 0x00007ffff7554000 	C:\WINDOWS\WinSxS\amd64_microsoft.windows.common-controls_6595b64144ccf1df_6.0.18362.900_none_e6beb9d913147d17\COMCTL32.dll
0x00007ff800d10000 - 0x00007ff801045000 	C:\WINDOWS\System32\combase.dll
0x00007ff800060000 - 0x00007ff8000e0000 	C:\WINDOWS\System32\bcryptPrimitives.dll
0x00007ff8012d0000 - 0x00007ff8012fe000 	C:\WINDOWS\System32\IMM32.DLL
0x00000000696a0000 - 0x0000000069772000 	C:\Program Files\Java\jdk1.8.0_92\jre\bin\msvcr100.dll
0x0000000068e00000 - 0x0000000069696000 	C:\Program Files\Java\jdk1.8.0_92\jre\bin\server\jvm.dll
0x00007ff8012c0000 - 0x00007ff8012c8000 	C:\WINDOWS\System32\PSAPI.DLL
0x00007fffeeef0000 - 0x00007fffeeef9000 	C:\WINDOWS\SYSTEM32\WSOCK32.dll
0x00007ffffe8d0000 - 0x00007ffffe8da000 	C:\WINDOWS\SYSTEM32\VERSION.dll
0x00007ffffd240000 - 0x00007ffffd264000 	C:\WINDOWS\SYSTEM32\WINMM.dll
0x00007ff802570000 - 0x00007ff8025df000 	C:\WINDOWS\System32\WS2_32.dll
0x00007ffffd210000 - 0x00007ffffd23d000 	C:\WINDOWS\SYSTEM32\winmmbase.dll
0x00007fffffa00000 - 0x00007fffffa4a000 	C:\WINDOWS\System32\cfgmgr32.dll
0x000000006f4c0000 - 0x000000006f4cf000 	C:\Program Files\Java\jdk1.8.0_92\jre\bin\verify.dll
0x000000006c3d0000 - 0x000000006c3f9000 	C:\Program Files\Java\jdk1.8.0_92\jre\bin\java.dll
0x0000000067e80000 - 0x0000000067eb5000 	C:\Program Files\Java\jdk1.8.0_92\jre\bin\jdwp.dll
0x0000000067e70000 - 0x0000000067e78000 	C:\Program Files\Java\jdk1.8.0_92\jre\bin\npt.dll
0x000000006c3b0000 - 0x000000006c3c6000 	C:\Program Files\Java\jdk1.8.0_92\jre\bin\zip.dll
0x00007ff801a80000 - 0x00007ff802166000 	C:\WINDOWS\System32\SHELL32.dll
0x00007ff8025e0000 - 0x00007ff802689000 	C:\WINDOWS\System32\shcore.dll
0x00007ff800330000 - 0x00007ff800ab0000 	C:\WINDOWS\System32\windows.storage.dll
0x00007fffff950000 - 0x00007fffff973000 	C:\WINDOWS\System32\profapi.dll
0x00007fffff900000 - 0x00007fffff94a000 	C:\WINDOWS\System32\powrprof.dll
0x00007fffff8b0000 - 0x00007fffff8c0000 	C:\WINDOWS\System32\UMPDC.dll
0x00007ff800cb0000 - 0x00007ff800d02000 	C:\WINDOWS\System32\shlwapi.dll
0x00007fffff8e0000 - 0x00007fffff8f1000 	C:\WINDOWS\System32\kernel.appcore.dll
0x00007fffff980000 - 0x00007fffff997000 	C:\WINDOWS\System32\cryptsp.dll
0x0000000067e60000 - 0x0000000067e69000 	C:\Program Files\Java\jdk1.8.0_92\jre\bin\dt_socket.dll
0x00007fffdc2b0000 - 0x00007fffdc2c6000 	C:\WINDOWS\system32\napinsp.dll
0x00007fffdc290000 - 0x00007fffdc2aa000 	C:\WINDOWS\system32\pnrpnsp.dll
0x00007fffff0c0000 - 0x00007fffff127000 	C:\WINDOWS\System32\mswsock.dll
0x00007ffffee10000 - 0x00007ffffeedb000 	C:\WINDOWS\SYSTEM32\DNSAPI.dll
0x00007ff8027c0000 - 0x00007ff8027c8000 	C:\WINDOWS\System32\NSI.dll
0x00007ffffedd0000 - 0x00007ffffee0a000 	C:\WINDOWS\SYSTEM32\IPHLPAPI.DLL
0x00007fffde3e0000 - 0x00007fffde3ee000 	C:\WINDOWS\System32\winrnr.dll
0x00007ffffbd30000 - 0x00007ffffbd4c000 	C:\WINDOWS\system32\NLAapi.dll
0x00007fffdc270000 - 0x00007fffdc285000 	C:\WINDOWS\system32\wshbth.dll
0x00007ffff7a50000 - 0x00007ffff7ac7000 	C:\WINDOWS\System32\fwpuclnt.dll
0x00007ff800030000 - 0x00007ff800056000 	C:\WINDOWS\System32\bcrypt.dll
0x00007ffff5a60000 - 0x00007ffff5a6a000 	C:\Windows\System32\rasadhlp.dll
0x000000006c360000 - 0x000000006c36d000 	C:\Program Files\Java\jdk1.8.0_92\jre\bin\management.dll
0x000000006c340000 - 0x000000006c35a000 	C:\Program Files\Java\jdk1.8.0_92\jre\bin\net.dll
0x000000006a670000 - 0x000000006a681000 	C:\Program Files\Java\jdk1.8.0_92\jre\bin\nio.dll
0x00007ffffec30000 - 0x00007ffffec63000 	C:\WINDOWS\system32\rsaenh.dll
0x00007fffff7d0000 - 0x00007fffff7f5000 	C:\WINDOWS\SYSTEM32\USERENV.dll
0x00007fffff290000 - 0x00007fffff29c000 	C:\WINDOWS\SYSTEM32\CRYPTBASE.dll
0x00007ffff7f50000 - 0x00007ffff7f66000 	C:\WINDOWS\SYSTEM32\dhcpcsvc6.DLL
0x00007ffff9690000 - 0x00007ffff96ac000 	C:\WINDOWS\SYSTEM32\dhcpcsvc.DLL
0x0000000067e30000 - 0x0000000067e54000 	C:\Program Files\Java\jdk1.8.0_92\jre\bin\sunec.dll
0x00007fffe9ed0000 - 0x00007fffea0c4000 	C:\WINDOWS\SYSTEM32\dbghelp.dll

VM Arguments:
jvm_args: -agentlib:jdwp=transport=dt_socket,suspend=y,address=localhost:51080 -Dcom.sun.management.jmxremote -Dcom.sun.management.jmxremote.port=51078 -Dcom.sun.management.jmxremote.authenticate=false -Dcom.sun.management.jmxremote.ssl=false -Djava.rmi.server.hostname=localhost -Dspring.jmx.enabled=true -Dspring.application.admin.enabled=true -Xverify:none -XX:TieredStopAtLevel=1 -Dfile.encoding=UTF-8 
java_command: org.epragati.tickets.EpragatiTicketsApplication --spring.output.ansi.enabled=always
java_class_path (initial): C:\Users\user\Desktop\Ticket_tool\epragati-tickets\target\classes;C:\Users\user\.m2\repository\org\springframework\boot\spring-boot-starter-web-services\1.5.8.RELEASE\spring-boot-starter-web-services-1.5.8.RELEASE.jar;C:\Users\user\.m2\repository\org\springframework\boot\spring-boot-starter\1.5.8.RELEASE\spring-boot-starter-1.5.8.RELEASE.jar;C:\Users\user\.m2\repository\org\springframework\boot\spring-boot\1.5.8.RELEASE\spring-boot-1.5.8.RELEASE.jar;C:\Users\user\.m2\repository\org\springframework\boot\spring-boot-autoconfigure\1.5.8.RELEASE\spring-boot-autoconfigure-1.5.8.RELEASE.jar;C:\Users\user\.m2\repository\org\springframework\boot\spring-boot-starter-logging\1.5.8.RELEASE\spring-boot-starter-logging-1.5.8.RELEASE.jar;C:\Users\user\.m2\repository\ch\qos\logback\logback-classic\1.1.11\logback-classic-1.1.11.jar;C:\Users\user\.m2\repository\ch\qos\logback\logback-core\1.1.11\logback-core-1.1.11.jar;C:\Users\user\.m2\repository\org\slf4j\jul-to-slf4j\1.7.25\jul-to-slf4j-1.7.25.jar;C:\Users\user\.m2\repository\org\slf4j\log4j-over-slf4j\1.7.25\log4j-over-slf4j-1.7.25.jar;C:\Users\user\.m2\repository\org\springframework\spring-core\4.3.12.RELEASE\spring-core-4.3.12.RELEASE.jar;C:\Users\user\.m2\repository\org\yaml\snakeyaml\1.17\snakeyaml-1.17.jar;C:\Users\user\.m2\repository\org\springframework\boot\spring-boot-starter-web\1.5.8.RELEASE\spring-boot-starter-web-1.5.8.RELEASE.jar;C:\Users\user\.m2\repository\org\hibernate\hibernate-validator\5.3.5.Final\hibernate-validator-5.3.5.Final.jar;C:\Users\user\.m2\repository\javax\validation\validation-api\1.1.0.Final\validation-api-1.1.0.Final.jar;C:\Users\user\.m2\repository\com\fasterxml\classmate\1.3.4\classmate-1.3.4.jar;C:\Users\user\.m2\repository\com\fasterxml\jackson\core\jackson-databind\2.8.10\jackson-databind-2.8.10.jar;C:\Users\user\.m2\repository\com\fasterxml\jackson\core\jackson-annotations\2.8.0\jackson-annotations-2.8.0.jar;C:\Users\user\.m2\repository\com\fasterxml\jackson\cor
Launcher Type: SUN_STANDARD

Environment Variables:
JAVA_HOME=C:\Program Files\Java\jdk1.8.0_92
PATH=C:\Program Files\Java\jdk1.8.0_92\jre\bin;C:/Program Files/Java/jre1.8.0_92/bin/server;C:/Program Files/Java/jre1.8.0_92/bin;C:/Program Files/Java/jre1.8.0_92/lib/amd64;C:\ProgramData\Oracle\Java\javapath;C:\Program Files (x86)\Intel\iCLS Client\;C:\Program Files\Intel\iCLS Client\;C:\WINDOWS\system32;C:\WINDOWS;C:\WINDOWS\System32\Wbem;C:\WINDOWS\System32\WindowsPowerShell\v1.0\;C:\Program Files (x86)\Intel\Intel(R) Management Engine Components\DAL;C:\Program Files\Intel\Intel(R) Management Engine Components\DAL;C:\Program Files (x86)\Intel\Intel(R) Management Engine Components\IPT;C:\Program Files\Intel\Intel(R) Management Engine Components\IPT;C:\Program Files\Java\jdk1.8.0_92\bin;C:\Program Files\apache-maven-3.5.4\bin;C:\WINDOWS\System32\OpenSSH\;C:\Program Files\Microsoft SQL Server\Client SDK\ODBC\130\Tools\Binn\;C:\Program Files (x86)\Microsoft SQL Server\140\Tools\Binn\;C:\Program Files\Microsoft SQL Server\140\Tools\Binn\;C:\Program Files\Microsoft SQL Server\140\DTS\Binn\;C:\Program Files (x86)\Microsoft SQL Server\Client SDK\ODBC\130\Tools\Binn\;C:\Program Files (x86)\Microsoft SQL Server\140\DTS\Binn\;C:\Program Files (x86)\Microsoft SQL Server\140\Tools\Binn\ManagementStudio\;C:\Program Files (x86)\Brackets\command;C:\Program Files\dotnet\;C:\Program Files\nodejs\;C:\Program Files\Microsoft SQL Server\130\Tools\Binn\;C:\Program Files\Microsoft SQL Server\Client SDK\ODBC\170\Tools\Binn\;C:\Program Files\TortoiseGit\bin;C:\Program Files\Git\cmd;C:\Users\user\AppData\Local\Microsoft\WindowsApps;C:\Users\user\Desktop\STS\spring-tool-suite-4-4.4.0.RELEASE-e4.13.0-win32.win32.x86_64\sts-4.4.0.RELEASE;
USERNAME=YASWANTH
OS=Windows_NT
PROCESSOR_IDENTIFIER=Intel64 Family 6 Model 94 Stepping 3, GenuineIntel



---------------  S Y S T E M  ---------------

OS: Windows 10.0 , 64 bit Build 18362 (10.0.18362.900)

CPU:total 8 (4 cores per cpu, 2 threads per core) family 6 model 94 stepping 3, cmov, cx8, fxsr, mmx, sse, sse2, sse3, ssse3, sse4.1, sse4.2, popcnt, avx, avx2, aes, clmul, erms, rtm, 3dnowpref, lzcnt, ht, tsc, tscinvbit, bmi1, bmi2, adx

Memory: 4k page, physical 8266336k(923808k free), swap 25043552k(14031856k free)

vm_info: Java HotSpot(TM) 64-Bit Server VM (25.92-b14) for windows-amd64 JRE (1.8.0_92-b14), built on Mar 31 2016 21:03:04 by "java_re" with MS VC++ 10.0 (VS2010)

time: Wed Jul 08 13:01:08 2020
elapsed time: 93 seconds (0d 0h 1m 33s)

